[2020-08-03 13:48:56,928 INFO] ****************** Parameters ***********************
[2020-08-03 13:48:56,928 INFO] [Parameter containing:
tensor([[-0.3346, -0.1861,  0.0049,  0.5782, -0.1692,  0.3591, -0.1184, -0.6945,
         -0.6132,  0.4399],
        [-0.3299, -0.6221, -0.2717, -0.2992,  0.5537,  0.1582, -0.1356, -0.0600,
         -0.1371, -0.6686]], requires_grad=True)]
[2020-08-03 13:48:56,930 INFO] ****************** Parameters ***********************
[2020-08-03 13:48:56,930 INFO] +++++++++++++++++++++++++++++++++++++++++
[2020-08-03 13:48:56,931 INFO] 
tensor([[4., 4., 4., 4., 4., 4., 4., 4., 4., 4.],
        [4., 4., 4., 4., 4., 4., 4., 4., 4., 4.],
        [4., 4., 4., 4., 4., 4., 4., 4., 4., 4.]], grad_fn=<AddBackward0>)
[2020-08-03 13:48:56,931 INFO] +++++++++++++++++++++++++++++++++++++++++
[2020-08-03 13:48:56,932 INFO] 
0.013301209546625614
[2020-08-03 13:48:56,953 INFO] 
0.013301209546625614
[2020-08-03 13:48:56,954 INFO] 
[tensor([[-0.1057, -0.1057, -0.1057, -0.1057, -0.1057, -0.1057, -0.1057, -0.1057,
         -0.1057, -0.1057],
        [ 0.1057,  0.1057,  0.1057,  0.1057,  0.1057,  0.1057,  0.1057,  0.1057,
          0.1057,  0.1057]])]
[2020-08-03 13:48:56,954 INFO] **************************************
[2020-08-03 13:48:56,954 INFO] 
0.013301209546625614
[2020-08-03 13:48:56,955 INFO] 
0.013301209546625614
[2020-08-03 13:48:56,956 INFO] 
[tensor([[-0.1057, -0.1057, -0.1057, -0.1057, -0.1057, -0.1057, -0.1057, -0.1057,
         -0.1057, -0.1057],
        [ 0.1057,  0.1057,  0.1057,  0.1057,  0.1057,  0.1057,  0.1057,  0.1057,
          0.1057,  0.1057]])]
[2020-08-03 13:48:56,956 INFO] **************************************
[2020-08-03 13:48:56,956 INFO] 
0.013301209546625614
[2020-08-03 13:48:56,957 INFO] 
0.013301209546625614
[2020-08-03 13:48:56,957 INFO] 
[tensor([[-0.1057, -0.1057, -0.1057, -0.1057, -0.1057, -0.1057, -0.1057, -0.1057,
         -0.1057, -0.1057],
        [ 0.1057,  0.1057,  0.1057,  0.1057,  0.1057,  0.1057,  0.1057,  0.1057,
          0.1057,  0.1057]])]
[2020-08-03 13:48:56,958 INFO] **************************************
[2020-08-03 13:48:56,958 INFO] 
0.013301209546625614
[2020-08-03 13:48:56,958 INFO] 
0.013301209546625614
[2020-08-03 13:48:56,959 INFO] 
[tensor([[-0.1057, -0.1057, -0.1057, -0.1057, -0.1057, -0.1057, -0.1057, -0.1057,
         -0.1057, -0.1057],
        [ 0.1057,  0.1057,  0.1057,  0.1057,  0.1057,  0.1057,  0.1057,  0.1057,
          0.1057,  0.1057]])]
[2020-08-03 13:48:56,959 INFO] **************************************
[2020-08-03 13:48:56,959 INFO] 
0.013301209546625614
[2020-08-03 13:48:56,960 INFO] 
0.013301209546625614
[2020-08-03 13:48:56,961 INFO] 
[tensor([[-0.1057, -0.1057, -0.1057, -0.1057, -0.1057, -0.1057, -0.1057, -0.1057,
         -0.1057, -0.1057],
        [ 0.1057,  0.1057,  0.1057,  0.1057,  0.1057,  0.1057,  0.1057,  0.1057,
          0.1057,  0.1057]])]
[2020-08-03 13:48:56,961 INFO] **************************************
[2020-08-03 13:48:56,961 INFO] -------- Final parameters --------------------
[2020-08-03 13:48:56,961 INFO] [Parameter containing:
tensor([[-0.3346, -0.1861,  0.0049,  0.5782, -0.1692,  0.3591, -0.1184, -0.6945,
         -0.6132,  0.4399],
        [-0.3299, -0.6221, -0.2717, -0.2992,  0.5537,  0.1582, -0.1356, -0.0600,
         -0.1371, -0.6686]], requires_grad=True)]
