[2020-08-03 10:40:13,061 INFO] +++++++++++++++++++++++++++++++++++++++++
[2020-08-03 10:40:13,062 INFO] 
tensor([[4., 4., 4., 4., 4., 4., 4., 4., 4., 4.],
        [4., 4., 4., 4., 4., 4., 4., 4., 4., 4.],
        [4., 4., 4., 4., 4., 4., 4., 4., 4., 4.]], grad_fn=<AddBackward0>)
[2020-08-03 10:40:13,063 INFO] +++++++++++++++++++++++++++++++++++++++++
[2020-08-03 10:40:13,063 INFO] 
0.013301209546625614
[2020-08-03 10:40:13,087 INFO] 
[tensor([[-0.0264, -0.0264, -0.0264, -0.0264, -0.0264, -0.0264, -0.0264, -0.0264,
         -0.0264, -0.0264],
        [ 0.0264,  0.0264,  0.0264,  0.0264,  0.0264,  0.0264,  0.0264,  0.0264,
          0.0264,  0.0264]])]
[2020-08-03 10:40:13,087 INFO] **************************************
[2020-08-03 10:40:13,088 INFO] 
0.013301209546625614
[2020-08-03 10:40:13,088 INFO] 
[tensor([[-0.0529, -0.0529, -0.0529, -0.0529, -0.0529, -0.0529, -0.0529, -0.0529,
         -0.0529, -0.0529],
        [ 0.0529,  0.0529,  0.0529,  0.0529,  0.0529,  0.0529,  0.0529,  0.0529,
          0.0529,  0.0529]])]
[2020-08-03 10:40:13,089 INFO] **************************************
[2020-08-03 10:40:13,089 INFO] 
0.013301209546625614
[2020-08-03 10:40:13,090 INFO] 
[tensor([[-0.0793, -0.0793, -0.0793, -0.0793, -0.0793, -0.0793, -0.0793, -0.0793,
         -0.0793, -0.0793],
        [ 0.0793,  0.0793,  0.0793,  0.0793,  0.0793,  0.0793,  0.0793,  0.0793,
          0.0793,  0.0793]])]
[2020-08-03 10:40:13,090 INFO] **************************************
[2020-08-03 10:40:13,090 INFO] 
0.013301209546625614
[2020-08-03 10:40:13,091 INFO] 
[tensor([[-0.1057, -0.1057, -0.1057, -0.1057, -0.1057, -0.1057, -0.1057, -0.1057,
         -0.1057, -0.1057],
        [ 0.1057,  0.1057,  0.1057,  0.1057,  0.1057,  0.1057,  0.1057,  0.1057,
          0.1057,  0.1057]])]
[2020-08-03 10:40:13,091 INFO] **************************************
[2020-08-03 10:40:13,091 INFO] 
0.013301209546625614
[2020-08-03 10:40:13,092 INFO] 
[tensor([[-0.1321, -0.1321, -0.1321, -0.1321, -0.1321, -0.1321, -0.1321, -0.1321,
         -0.1321, -0.1321],
        [ 0.1321,  0.1321,  0.1321,  0.1321,  0.1321,  0.1321,  0.1321,  0.1321,
          0.1321,  0.1321]])]
[2020-08-03 10:40:13,092 INFO] **************************************
[2020-08-03 10:40:13,093 INFO] 
0.013301209546625614
[2020-08-03 10:40:13,093 INFO] 
[tensor([[-0.1586, -0.1586, -0.1586, -0.1586, -0.1586, -0.1586, -0.1586, -0.1586,
         -0.1586, -0.1586],
        [ 0.1586,  0.1586,  0.1586,  0.1586,  0.1586,  0.1586,  0.1586,  0.1586,
          0.1586,  0.1586]])]
[2020-08-03 10:40:13,093 INFO] **************************************
[2020-08-03 10:40:13,094 INFO] 
0.013301209546625614
[2020-08-03 10:40:13,094 INFO] 
[tensor([[-0.1850, -0.1850, -0.1850, -0.1850, -0.1850, -0.1850, -0.1850, -0.1850,
         -0.1850, -0.1850],
        [ 0.1850,  0.1850,  0.1850,  0.1850,  0.1850,  0.1850,  0.1850,  0.1850,
          0.1850,  0.1850]])]
[2020-08-03 10:40:13,095 INFO] **************************************
[2020-08-03 10:40:13,095 INFO] 
0.013301209546625614
[2020-08-03 10:40:13,096 INFO] 
[tensor([[-0.2114, -0.2114, -0.2114, -0.2114, -0.2114, -0.2114, -0.2114, -0.2114,
         -0.2114, -0.2114],
        [ 0.2114,  0.2114,  0.2114,  0.2114,  0.2114,  0.2114,  0.2114,  0.2114,
          0.2114,  0.2114]])]
[2020-08-03 10:40:13,096 INFO] **************************************
[2020-08-03 10:40:13,097 INFO] 
0.013301209546625614
[2020-08-03 10:40:13,098 INFO] 
[tensor([[-0.2378, -0.2378, -0.2378, -0.2378, -0.2378, -0.2378, -0.2378, -0.2378,
         -0.2378, -0.2378],
        [ 0.2378,  0.2378,  0.2378,  0.2378,  0.2378,  0.2378,  0.2378,  0.2378,
          0.2378,  0.2378]])]
[2020-08-03 10:40:13,098 INFO] **************************************
[2020-08-03 10:40:13,098 INFO] 
0.013301209546625614
[2020-08-03 10:40:13,099 INFO] 
[tensor([[-0.2643, -0.2643, -0.2643, -0.2643, -0.2643, -0.2643, -0.2643, -0.2643,
         -0.2643, -0.2643],
        [ 0.2643,  0.2643,  0.2643,  0.2643,  0.2643,  0.2643,  0.2643,  0.2643,
          0.2643,  0.2643]])]
[2020-08-03 10:40:13,099 INFO] **************************************
[2020-08-03 10:43:28,510 INFO] ****************** Parameters ***********************
[2020-08-03 10:43:28,510 INFO] [Parameter containing:
tensor([[-0.3346, -0.1861,  0.0049,  0.5782, -0.1692,  0.3591, -0.1184, -0.6945,
         -0.6132,  0.4399],
        [-0.3299, -0.6221, -0.2717, -0.2992,  0.5537,  0.1582, -0.1356, -0.0600,
         -0.1371, -0.6686]], requires_grad=True)]
[2020-08-03 10:43:28,515 INFO] ****************** Parameters ***********************
[2020-08-03 10:43:28,515 INFO] +++++++++++++++++++++++++++++++++++++++++
[2020-08-03 10:43:28,516 INFO] 
tensor([[4., 4., 4., 4., 4., 4., 4., 4., 4., 4.],
        [4., 4., 4., 4., 4., 4., 4., 4., 4., 4.],
        [4., 4., 4., 4., 4., 4., 4., 4., 4., 4.]], grad_fn=<AddBackward0>)
[2020-08-03 10:43:28,517 INFO] +++++++++++++++++++++++++++++++++++++++++
[2020-08-03 10:43:28,517 INFO] 
0.013301209546625614
[2020-08-03 10:43:28,579 INFO] 
[tensor([[-0.0264, -0.0264, -0.0264, -0.0264, -0.0264, -0.0264, -0.0264, -0.0264,
         -0.0264, -0.0264],
        [ 0.0264,  0.0264,  0.0264,  0.0264,  0.0264,  0.0264,  0.0264,  0.0264,
          0.0264,  0.0264]])]
[2020-08-03 10:43:28,579 INFO] **************************************
[2020-08-03 10:43:28,579 INFO] 
0.013301209546625614
[2020-08-03 10:43:28,580 INFO] 
[tensor([[-0.0529, -0.0529, -0.0529, -0.0529, -0.0529, -0.0529, -0.0529, -0.0529,
         -0.0529, -0.0529],
        [ 0.0529,  0.0529,  0.0529,  0.0529,  0.0529,  0.0529,  0.0529,  0.0529,
          0.0529,  0.0529]])]
[2020-08-03 10:43:28,580 INFO] **************************************
[2020-08-03 10:43:28,580 INFO] 
0.013301209546625614
[2020-08-03 10:43:28,581 INFO] 
[tensor([[-0.0793, -0.0793, -0.0793, -0.0793, -0.0793, -0.0793, -0.0793, -0.0793,
         -0.0793, -0.0793],
        [ 0.0793,  0.0793,  0.0793,  0.0793,  0.0793,  0.0793,  0.0793,  0.0793,
          0.0793,  0.0793]])]
[2020-08-03 10:43:28,586 INFO] **************************************
[2020-08-03 10:43:28,587 INFO] 
0.013301209546625614
[2020-08-03 10:43:28,587 INFO] 
[tensor([[-0.1057, -0.1057, -0.1057, -0.1057, -0.1057, -0.1057, -0.1057, -0.1057,
         -0.1057, -0.1057],
        [ 0.1057,  0.1057,  0.1057,  0.1057,  0.1057,  0.1057,  0.1057,  0.1057,
          0.1057,  0.1057]])]
[2020-08-03 10:43:28,587 INFO] **************************************
[2020-08-03 10:43:28,588 INFO] 
0.013301209546625614
[2020-08-03 10:43:28,588 INFO] 
[tensor([[-0.1321, -0.1321, -0.1321, -0.1321, -0.1321, -0.1321, -0.1321, -0.1321,
         -0.1321, -0.1321],
        [ 0.1321,  0.1321,  0.1321,  0.1321,  0.1321,  0.1321,  0.1321,  0.1321,
          0.1321,  0.1321]])]
[2020-08-03 10:43:28,588 INFO] **************************************
[2020-08-03 10:43:28,589 INFO] 
0.013301209546625614
[2020-08-03 10:43:28,589 INFO] 
[tensor([[-0.1586, -0.1586, -0.1586, -0.1586, -0.1586, -0.1586, -0.1586, -0.1586,
         -0.1586, -0.1586],
        [ 0.1586,  0.1586,  0.1586,  0.1586,  0.1586,  0.1586,  0.1586,  0.1586,
          0.1586,  0.1586]])]
[2020-08-03 10:43:28,589 INFO] **************************************
[2020-08-03 10:43:28,589 INFO] 
0.013301209546625614
[2020-08-03 10:43:28,590 INFO] 
[tensor([[-0.1850, -0.1850, -0.1850, -0.1850, -0.1850, -0.1850, -0.1850, -0.1850,
         -0.1850, -0.1850],
        [ 0.1850,  0.1850,  0.1850,  0.1850,  0.1850,  0.1850,  0.1850,  0.1850,
          0.1850,  0.1850]])]
[2020-08-03 10:43:28,591 INFO] **************************************
[2020-08-03 10:43:28,591 INFO] 
0.013301209546625614
[2020-08-03 10:43:28,592 INFO] 
[tensor([[-0.2114, -0.2114, -0.2114, -0.2114, -0.2114, -0.2114, -0.2114, -0.2114,
         -0.2114, -0.2114],
        [ 0.2114,  0.2114,  0.2114,  0.2114,  0.2114,  0.2114,  0.2114,  0.2114,
          0.2114,  0.2114]])]
[2020-08-03 10:43:28,598 INFO] **************************************
[2020-08-03 10:43:28,599 INFO] 
0.013301209546625614
[2020-08-03 10:43:28,599 INFO] 
[tensor([[-0.2378, -0.2378, -0.2378, -0.2378, -0.2378, -0.2378, -0.2378, -0.2378,
         -0.2378, -0.2378],
        [ 0.2378,  0.2378,  0.2378,  0.2378,  0.2378,  0.2378,  0.2378,  0.2378,
          0.2378,  0.2378]])]
[2020-08-03 10:43:28,599 INFO] **************************************
[2020-08-03 10:43:28,600 INFO] 
0.013301209546625614
[2020-08-03 10:43:28,600 INFO] 
[tensor([[-0.2643, -0.2643, -0.2643, -0.2643, -0.2643, -0.2643, -0.2643, -0.2643,
         -0.2643, -0.2643],
        [ 0.2643,  0.2643,  0.2643,  0.2643,  0.2643,  0.2643,  0.2643,  0.2643,
          0.2643,  0.2643]])]
[2020-08-03 10:43:28,600 INFO] **************************************
[2020-08-03 10:59:08,832 INFO] ****************** Parameters ***********************
[2020-08-03 10:59:08,832 INFO] [Parameter containing:
tensor([[-0.3346, -0.1861,  0.0049,  0.5782, -0.1692,  0.3591, -0.1184, -0.6945,
         -0.6132,  0.4399],
        [-0.3299, -0.6221, -0.2717, -0.2992,  0.5537,  0.1582, -0.1356, -0.0600,
         -0.1371, -0.6686]], requires_grad=True)]
[2020-08-03 10:59:08,833 INFO] ****************** Parameters ***********************
[2020-08-03 10:59:08,833 INFO] +++++++++++++++++++++++++++++++++++++++++
[2020-08-03 10:59:08,835 INFO] 
tensor([[4., 4., 4., 4., 4., 4., 4., 4., 4., 4.],
        [4., 4., 4., 4., 4., 4., 4., 4., 4., 4.],
        [4., 4., 4., 4., 4., 4., 4., 4., 4., 4.]], grad_fn=<AddBackward0>)
[2020-08-03 10:59:08,835 INFO] +++++++++++++++++++++++++++++++++++++++++
[2020-08-03 10:59:08,835 INFO] 
0.013301209546625614
[2020-08-03 10:59:08,856 INFO] 
0.013301209546625614
[2020-08-03 10:59:08,856 INFO] 
0.012754061259329319
[2020-08-03 10:59:08,857 INFO] 
0.012754061259329319
[2020-08-03 10:59:08,878 INFO] 
0.011795535683631897
[2020-08-03 10:59:08,878 INFO] 
0.011795535683631897
[2020-08-03 10:59:08,879 INFO] 
0.010591485537588596
[2020-08-03 10:59:08,879 INFO] 
0.010591485537588596
[2020-08-03 10:59:08,879 INFO] 
0.009295636788010597
[2020-08-03 10:59:08,880 INFO] 
0.009295636788010597
[2020-08-03 10:59:08,880 INFO] -------- Final parameters --------------------
[2020-08-03 10:59:08,880 INFO] [Parameter containing:
tensor([[-0.3283, -0.1797,  0.0113,  0.5846, -0.1629,  0.3654, -0.1121, -0.6881,
         -0.6069,  0.4463],
        [-0.3362, -0.6284, -0.2781, -0.3055,  0.5474,  0.1518, -0.1419, -0.0664,
         -0.1434, -0.6749]], requires_grad=True)]
[2020-08-03 13:42:31,865 INFO] ****************** Parameters ***********************
[2020-08-03 13:42:31,866 INFO] [Parameter containing:
tensor([[-0.3346, -0.1861,  0.0049,  0.5782, -0.1692,  0.3591, -0.1184, -0.6945,
         -0.6132,  0.4399],
        [-0.3299, -0.6221, -0.2717, -0.2992,  0.5537,  0.1582, -0.1356, -0.0600,
         -0.1371, -0.6686]], requires_grad=True)]
[2020-08-03 13:42:31,867 INFO] ****************** Parameters ***********************
[2020-08-03 13:42:31,867 INFO] +++++++++++++++++++++++++++++++++++++++++
[2020-08-03 13:42:31,868 INFO] 
tensor([[4., 4., 4., 4., 4., 4., 4., 4., 4., 4.],
        [4., 4., 4., 4., 4., 4., 4., 4., 4., 4.],
        [4., 4., 4., 4., 4., 4., 4., 4., 4., 4.]], grad_fn=<AddBackward0>)
[2020-08-03 13:42:31,868 INFO] +++++++++++++++++++++++++++++++++++++++++
[2020-08-03 13:42:31,869 INFO] 
0.013301209546625614
[2020-08-03 13:42:32,143 INFO] 
0.013301209546625614
[2020-08-03 13:42:32,144 INFO] 
[tensor([[-0.0529, -0.0529, -0.0529, -0.0529, -0.0529, -0.0529, -0.0529, -0.0529,
         -0.0529, -0.0529],
        [ 0.0529,  0.0529,  0.0529,  0.0529,  0.0529,  0.0529,  0.0529,  0.0529,
          0.0529,  0.0529]])]
[2020-08-03 13:42:32,145 INFO] **************************************
[2020-08-03 13:42:32,145 INFO] 
0.013301209546625614
[2020-08-03 13:42:32,145 INFO] 
0.013301209546625614
[2020-08-03 13:42:32,146 INFO] 
[tensor([[-0.1057, -0.1057, -0.1057, -0.1057, -0.1057, -0.1057, -0.1057, -0.1057,
         -0.1057, -0.1057],
        [ 0.1057,  0.1057,  0.1057,  0.1057,  0.1057,  0.1057,  0.1057,  0.1057,
          0.1057,  0.1057]])]
[2020-08-03 13:42:32,146 INFO] **************************************
[2020-08-03 13:42:32,146 INFO] 
0.013301209546625614
[2020-08-03 13:42:32,147 INFO] 
0.013301209546625614
[2020-08-03 13:42:32,147 INFO] 
[tensor([[-0.1586, -0.1586, -0.1586, -0.1586, -0.1586, -0.1586, -0.1586, -0.1586,
         -0.1586, -0.1586],
        [ 0.1586,  0.1586,  0.1586,  0.1586,  0.1586,  0.1586,  0.1586,  0.1586,
          0.1586,  0.1586]])]
[2020-08-03 13:42:32,147 INFO] **************************************
[2020-08-03 13:42:32,148 INFO] 
0.013301209546625614
[2020-08-03 13:42:32,148 INFO] 
0.013301209546625614
[2020-08-03 13:42:32,149 INFO] 
[tensor([[-0.2114, -0.2114, -0.2114, -0.2114, -0.2114, -0.2114, -0.2114, -0.2114,
         -0.2114, -0.2114],
        [ 0.2114,  0.2114,  0.2114,  0.2114,  0.2114,  0.2114,  0.2114,  0.2114,
          0.2114,  0.2114]])]
[2020-08-03 13:42:32,149 INFO] **************************************
[2020-08-03 13:42:32,149 INFO] 
0.013301209546625614
[2020-08-03 13:42:32,149 INFO] 
0.013301209546625614
[2020-08-03 13:42:32,150 INFO] 
[tensor([[-0.2643, -0.2643, -0.2643, -0.2643, -0.2643, -0.2643, -0.2643, -0.2643,
         -0.2643, -0.2643],
        [ 0.2643,  0.2643,  0.2643,  0.2643,  0.2643,  0.2643,  0.2643,  0.2643,
          0.2643,  0.2643]])]
[2020-08-03 13:42:32,150 INFO] **************************************
[2020-08-03 13:42:32,150 INFO] -------- Final parameters --------------------
[2020-08-03 13:42:32,150 INFO] [Parameter containing:
tensor([[-0.3346, -0.1861,  0.0049,  0.5782, -0.1692,  0.3591, -0.1184, -0.6945,
         -0.6132,  0.4399],
        [-0.3299, -0.6221, -0.2717, -0.2992,  0.5537,  0.1582, -0.1356, -0.0600,
         -0.1371, -0.6686]], requires_grad=True)]
[2020-08-03 13:46:07,219 INFO] ****************** Parameters ***********************
[2020-08-03 13:46:07,219 INFO] [Parameter containing:
tensor([[-0.3346, -0.1861,  0.0049,  0.5782, -0.1692,  0.3591, -0.1184, -0.6945,
         -0.6132,  0.4399],
        [-0.3299, -0.6221, -0.2717, -0.2992,  0.5537,  0.1582, -0.1356, -0.0600,
         -0.1371, -0.6686]], requires_grad=True)]
[2020-08-03 13:46:07,220 INFO] ****************** Parameters ***********************
[2020-08-03 13:46:07,220 INFO] +++++++++++++++++++++++++++++++++++++++++
[2020-08-03 13:46:07,222 INFO] 
tensor([[4., 4., 4., 4., 4., 4., 4., 4., 4., 4.],
        [4., 4., 4., 4., 4., 4., 4., 4., 4., 4.],
        [4., 4., 4., 4., 4., 4., 4., 4., 4., 4.]], grad_fn=<AddBackward0>)
[2020-08-03 13:46:07,222 INFO] +++++++++++++++++++++++++++++++++++++++++
[2020-08-03 13:46:07,222 INFO] 
0.013301209546625614
[2020-08-03 13:46:07,277 INFO] 
0.013301209546625614
[2020-08-03 13:46:07,279 INFO] 
[tensor([[-0.0529, -0.0529, -0.0529, -0.0529, -0.0529, -0.0529, -0.0529, -0.0529,
         -0.0529, -0.0529],
        [ 0.0529,  0.0529,  0.0529,  0.0529,  0.0529,  0.0529,  0.0529,  0.0529,
          0.0529,  0.0529]])]
[2020-08-03 13:46:07,279 INFO] **************************************
[2020-08-03 13:46:07,279 INFO] 
0.013301209546625614
[2020-08-03 13:46:07,280 INFO] 
0.013301209546625614
[2020-08-03 13:46:07,280 INFO] 
[tensor([[-0.0529, -0.0529, -0.0529, -0.0529, -0.0529, -0.0529, -0.0529, -0.0529,
         -0.0529, -0.0529],
        [ 0.0529,  0.0529,  0.0529,  0.0529,  0.0529,  0.0529,  0.0529,  0.0529,
          0.0529,  0.0529]])]
[2020-08-03 13:46:07,280 INFO] **************************************
[2020-08-03 13:46:07,281 INFO] 
0.013301209546625614
[2020-08-03 13:46:07,281 INFO] 
0.013301209546625614
[2020-08-03 13:46:07,289 INFO] 
[tensor([[-0.0529, -0.0529, -0.0529, -0.0529, -0.0529, -0.0529, -0.0529, -0.0529,
         -0.0529, -0.0529],
        [ 0.0529,  0.0529,  0.0529,  0.0529,  0.0529,  0.0529,  0.0529,  0.0529,
          0.0529,  0.0529]])]
[2020-08-03 13:46:07,290 INFO] **************************************
[2020-08-03 13:46:07,290 INFO] 
0.013301209546625614
[2020-08-03 13:46:07,290 INFO] 
0.013301209546625614
[2020-08-03 13:46:07,291 INFO] 
[tensor([[-0.0529, -0.0529, -0.0529, -0.0529, -0.0529, -0.0529, -0.0529, -0.0529,
         -0.0529, -0.0529],
        [ 0.0529,  0.0529,  0.0529,  0.0529,  0.0529,  0.0529,  0.0529,  0.0529,
          0.0529,  0.0529]])]
[2020-08-03 13:46:07,291 INFO] **************************************
[2020-08-03 13:46:07,291 INFO] 
0.013301209546625614
[2020-08-03 13:46:07,292 INFO] 
0.013301209546625614
[2020-08-03 13:46:07,293 INFO] 
[tensor([[-0.0529, -0.0529, -0.0529, -0.0529, -0.0529, -0.0529, -0.0529, -0.0529,
         -0.0529, -0.0529],
        [ 0.0529,  0.0529,  0.0529,  0.0529,  0.0529,  0.0529,  0.0529,  0.0529,
          0.0529,  0.0529]])]
[2020-08-03 13:46:07,293 INFO] **************************************
[2020-08-03 13:46:07,293 INFO] -------- Final parameters --------------------
[2020-08-03 13:46:07,293 INFO] [Parameter containing:
tensor([[-0.3346, -0.1861,  0.0049,  0.5782, -0.1692,  0.3591, -0.1184, -0.6945,
         -0.6132,  0.4399],
        [-0.3299, -0.6221, -0.2717, -0.2992,  0.5537,  0.1582, -0.1356, -0.0600,
         -0.1371, -0.6686]], requires_grad=True)]
