[2020-08-03 10:44:27,564 INFO] ****************** Parameters ***********************
[2020-08-03 10:44:27,565 INFO] [Parameter containing:
tensor([[-0.3346, -0.1861,  0.0049,  0.5782, -0.1692,  0.3591, -0.1184, -0.6945,
         -0.6132,  0.4399],
        [-0.3299, -0.6221, -0.2717, -0.2992,  0.5537,  0.1582, -0.1356, -0.0600,
         -0.1371, -0.6686]], requires_grad=True)]
[2020-08-03 10:44:27,566 INFO] ****************** Parameters ***********************
[2020-08-03 10:44:27,566 INFO] +++++++++++++++++++++++++++++++++++++++++
[2020-08-03 10:44:27,567 INFO] 
tensor([[4., 4., 4., 4., 4., 4., 4., 4., 4., 4.],
        [4., 4., 4., 4., 4., 4., 4., 4., 4., 4.],
        [4., 4., 4., 4., 4., 4., 4., 4., 4., 4.]], grad_fn=<AddBackward0>)
[2020-08-03 10:44:27,567 INFO] +++++++++++++++++++++++++++++++++++++++++
[2020-08-03 10:44:27,568 INFO] 
0.013301209546625614
[2020-08-03 10:44:27,623 INFO] 
[tensor([[-0.0529, -0.0529, -0.0529, -0.0529, -0.0529, -0.0529, -0.0529, -0.0529,
         -0.0529, -0.0529],
        [ 0.0529,  0.0529,  0.0529,  0.0529,  0.0529,  0.0529,  0.0529,  0.0529,
          0.0529,  0.0529]])]
[2020-08-03 10:44:27,623 INFO] **************************************
[2020-08-03 10:44:27,624 INFO] 
0.013301209546625614
[2020-08-03 10:44:27,624 INFO] 
[tensor([[-0.1057, -0.1057, -0.1057, -0.1057, -0.1057, -0.1057, -0.1057, -0.1057,
         -0.1057, -0.1057],
        [ 0.1057,  0.1057,  0.1057,  0.1057,  0.1057,  0.1057,  0.1057,  0.1057,
          0.1057,  0.1057]])]
[2020-08-03 10:44:27,624 INFO] **************************************
[2020-08-03 10:44:27,624 INFO] 
0.013301209546625614
[2020-08-03 10:44:27,625 INFO] 
[tensor([[-0.1586, -0.1586, -0.1586, -0.1586, -0.1586, -0.1586, -0.1586, -0.1586,
         -0.1586, -0.1586],
        [ 0.1586,  0.1586,  0.1586,  0.1586,  0.1586,  0.1586,  0.1586,  0.1586,
          0.1586,  0.1586]])]
[2020-08-03 10:44:27,625 INFO] **************************************
[2020-08-03 10:44:27,625 INFO] 
0.013301209546625614
[2020-08-03 10:44:27,626 INFO] 
[tensor([[-0.2114, -0.2114, -0.2114, -0.2114, -0.2114, -0.2114, -0.2114, -0.2114,
         -0.2114, -0.2114],
        [ 0.2114,  0.2114,  0.2114,  0.2114,  0.2114,  0.2114,  0.2114,  0.2114,
          0.2114,  0.2114]])]
[2020-08-03 10:44:27,630 INFO] **************************************
[2020-08-03 10:44:27,631 INFO] 
0.013301209546625614
[2020-08-03 10:44:27,631 INFO] 
[tensor([[-0.2643, -0.2643, -0.2643, -0.2643, -0.2643, -0.2643, -0.2643, -0.2643,
         -0.2643, -0.2643],
        [ 0.2643,  0.2643,  0.2643,  0.2643,  0.2643,  0.2643,  0.2643,  0.2643,
          0.2643,  0.2643]])]
[2020-08-03 10:44:27,631 INFO] **************************************
[2020-08-03 10:44:27,631 INFO] 
0.013301209546625614
[2020-08-03 10:44:27,632 INFO] 
[tensor([[-0.3171, -0.3171, -0.3171, -0.3171, -0.3171, -0.3171, -0.3171, -0.3171,
         -0.3171, -0.3171],
        [ 0.3171,  0.3171,  0.3171,  0.3171,  0.3171,  0.3171,  0.3171,  0.3171,
          0.3171,  0.3171]])]
[2020-08-03 10:44:27,632 INFO] **************************************
[2020-08-03 10:44:27,632 INFO] 
0.013301209546625614
[2020-08-03 10:44:27,633 INFO] 
[tensor([[-0.3700, -0.3700, -0.3700, -0.3700, -0.3700, -0.3700, -0.3700, -0.3700,
         -0.3700, -0.3700],
        [ 0.3700,  0.3700,  0.3700,  0.3700,  0.3700,  0.3700,  0.3700,  0.3700,
          0.3700,  0.3700]])]
[2020-08-03 10:44:27,633 INFO] **************************************
[2020-08-03 10:44:27,633 INFO] 
0.013301209546625614
[2020-08-03 10:44:27,634 INFO] 
[tensor([[-0.4228, -0.4228, -0.4228, -0.4228, -0.4228, -0.4228, -0.4228, -0.4228,
         -0.4228, -0.4228],
        [ 0.4228,  0.4228,  0.4228,  0.4228,  0.4228,  0.4228,  0.4228,  0.4228,
          0.4228,  0.4228]])]
[2020-08-03 10:44:27,634 INFO] **************************************
[2020-08-03 10:44:27,634 INFO] 
0.013301209546625614
[2020-08-03 10:44:27,635 INFO] 
[tensor([[-0.4757, -0.4757, -0.4757, -0.4757, -0.4757, -0.4757, -0.4757, -0.4757,
         -0.4757, -0.4757],
        [ 0.4757,  0.4757,  0.4757,  0.4757,  0.4757,  0.4757,  0.4757,  0.4757,
          0.4757,  0.4757]])]
[2020-08-03 10:44:27,638 INFO] **************************************
[2020-08-03 10:44:27,639 INFO] 
0.013301209546625614
[2020-08-03 10:44:27,639 INFO] 
[tensor([[-0.5285, -0.5285, -0.5285, -0.5285, -0.5285, -0.5285, -0.5285, -0.5285,
         -0.5285, -0.5285],
        [ 0.5285,  0.5285,  0.5285,  0.5285,  0.5285,  0.5285,  0.5285,  0.5285,
          0.5285,  0.5285]])]
[2020-08-03 10:44:27,639 INFO] **************************************
[2020-08-03 10:59:08,882 INFO] ****************** Parameters ***********************
[2020-08-03 10:59:08,882 INFO] [Parameter containing:
tensor([[-0.3346, -0.1861,  0.0049,  0.5782, -0.1692,  0.3591, -0.1184, -0.6945,
         -0.6132,  0.4399],
        [-0.3299, -0.6221, -0.2717, -0.2992,  0.5537,  0.1582, -0.1356, -0.0600,
         -0.1371, -0.6686]], requires_grad=True)]
[2020-08-03 10:59:08,883 INFO] ****************** Parameters ***********************
[2020-08-03 10:59:08,883 INFO] +++++++++++++++++++++++++++++++++++++++++
[2020-08-03 10:59:08,884 INFO] 
tensor([[4., 4., 4., 4., 4., 4., 4., 4., 4., 4.],
        [4., 4., 4., 4., 4., 4., 4., 4., 4., 4.],
        [4., 4., 4., 4., 4., 4., 4., 4., 4., 4.]], grad_fn=<AddBackward0>)
[2020-08-03 10:59:08,884 INFO] +++++++++++++++++++++++++++++++++++++++++
[2020-08-03 10:59:08,885 INFO] 
0.013301209546625614
[2020-08-03 10:59:08,885 INFO] 
0.012754061259329319
[2020-08-03 10:59:08,885 INFO] 
0.011795535683631897
[2020-08-03 10:59:08,886 INFO] 
0.010591485537588596
[2020-08-03 10:59:08,886 INFO] 
0.009295636788010597
[2020-08-03 10:59:08,887 INFO] 
0.008024713955819607
[2020-08-03 10:59:08,887 INFO] 
0.006852815393358469
[2020-08-03 10:59:08,887 INFO] 
0.005816557910293341
[2020-08-03 10:59:08,888 INFO] 
0.004926210269331932
[2020-08-03 10:59:08,888 INFO] 
0.004175753798335791
[2020-08-03 10:59:08,888 INFO] -------- Final parameters --------------------
[2020-08-03 10:59:08,889 INFO] [Parameter containing:
tensor([[-0.3181, -0.1695,  0.0215,  0.5948, -0.1526,  0.3757, -0.1019, -0.6779,
         -0.5966,  0.4565],
        [-0.3464, -0.6386, -0.2883, -0.3157,  0.5372,  0.1416, -0.1521, -0.0766,
         -0.1537, -0.6852]], requires_grad=True)]
[2020-08-03 13:42:32,152 INFO] ****************** Parameters ***********************
[2020-08-03 13:42:32,152 INFO] [Parameter containing:
tensor([[-0.3346, -0.1861,  0.0049,  0.5782, -0.1692,  0.3591, -0.1184, -0.6945,
         -0.6132,  0.4399],
        [-0.3299, -0.6221, -0.2717, -0.2992,  0.5537,  0.1582, -0.1356, -0.0600,
         -0.1371, -0.6686]], requires_grad=True)]
[2020-08-03 13:42:32,153 INFO] ****************** Parameters ***********************
[2020-08-03 13:42:32,153 INFO] +++++++++++++++++++++++++++++++++++++++++
[2020-08-03 13:42:32,154 INFO] 
tensor([[4., 4., 4., 4., 4., 4., 4., 4., 4., 4.],
        [4., 4., 4., 4., 4., 4., 4., 4., 4., 4.],
        [4., 4., 4., 4., 4., 4., 4., 4., 4., 4.]], grad_fn=<AddBackward0>)
[2020-08-03 13:42:32,155 INFO] +++++++++++++++++++++++++++++++++++++++++
[2020-08-03 13:42:32,155 INFO] 
0.013301209546625614
[2020-08-03 13:42:32,155 INFO] 
[tensor([[-0.0529, -0.0529, -0.0529, -0.0529, -0.0529, -0.0529, -0.0529, -0.0529,
         -0.0529, -0.0529],
        [ 0.0529,  0.0529,  0.0529,  0.0529,  0.0529,  0.0529,  0.0529,  0.0529,
          0.0529,  0.0529]])]
[2020-08-03 13:42:32,156 INFO] **************************************
[2020-08-03 13:42:32,156 INFO] 
0.013301209546625614
[2020-08-03 13:42:32,156 INFO] 
[tensor([[-0.1057, -0.1057, -0.1057, -0.1057, -0.1057, -0.1057, -0.1057, -0.1057,
         -0.1057, -0.1057],
        [ 0.1057,  0.1057,  0.1057,  0.1057,  0.1057,  0.1057,  0.1057,  0.1057,
          0.1057,  0.1057]])]
[2020-08-03 13:42:32,157 INFO] **************************************
[2020-08-03 13:42:32,157 INFO] 
0.013301209546625614
[2020-08-03 13:42:32,157 INFO] 
[tensor([[-0.1586, -0.1586, -0.1586, -0.1586, -0.1586, -0.1586, -0.1586, -0.1586,
         -0.1586, -0.1586],
        [ 0.1586,  0.1586,  0.1586,  0.1586,  0.1586,  0.1586,  0.1586,  0.1586,
          0.1586,  0.1586]])]
[2020-08-03 13:42:32,157 INFO] **************************************
[2020-08-03 13:42:32,158 INFO] 
0.013301209546625614
[2020-08-03 13:42:32,158 INFO] 
[tensor([[-0.2114, -0.2114, -0.2114, -0.2114, -0.2114, -0.2114, -0.2114, -0.2114,
         -0.2114, -0.2114],
        [ 0.2114,  0.2114,  0.2114,  0.2114,  0.2114,  0.2114,  0.2114,  0.2114,
          0.2114,  0.2114]])]
[2020-08-03 13:42:32,158 INFO] **************************************
[2020-08-03 13:42:32,159 INFO] 
0.013301209546625614
[2020-08-03 13:42:32,159 INFO] 
[tensor([[-0.2643, -0.2643, -0.2643, -0.2643, -0.2643, -0.2643, -0.2643, -0.2643,
         -0.2643, -0.2643],
        [ 0.2643,  0.2643,  0.2643,  0.2643,  0.2643,  0.2643,  0.2643,  0.2643,
          0.2643,  0.2643]])]
[2020-08-03 13:42:32,159 INFO] **************************************
[2020-08-03 13:42:32,159 INFO] 
0.013301209546625614
[2020-08-03 13:42:32,160 INFO] 
[tensor([[-0.3171, -0.3171, -0.3171, -0.3171, -0.3171, -0.3171, -0.3171, -0.3171,
         -0.3171, -0.3171],
        [ 0.3171,  0.3171,  0.3171,  0.3171,  0.3171,  0.3171,  0.3171,  0.3171,
          0.3171,  0.3171]])]
[2020-08-03 13:42:32,160 INFO] **************************************
[2020-08-03 13:42:32,160 INFO] 
0.013301209546625614
[2020-08-03 13:42:32,161 INFO] 
[tensor([[-0.3700, -0.3700, -0.3700, -0.3700, -0.3700, -0.3700, -0.3700, -0.3700,
         -0.3700, -0.3700],
        [ 0.3700,  0.3700,  0.3700,  0.3700,  0.3700,  0.3700,  0.3700,  0.3700,
          0.3700,  0.3700]])]
[2020-08-03 13:42:32,161 INFO] **************************************
[2020-08-03 13:42:32,161 INFO] 
0.013301209546625614
[2020-08-03 13:42:32,162 INFO] 
[tensor([[-0.4228, -0.4228, -0.4228, -0.4228, -0.4228, -0.4228, -0.4228, -0.4228,
         -0.4228, -0.4228],
        [ 0.4228,  0.4228,  0.4228,  0.4228,  0.4228,  0.4228,  0.4228,  0.4228,
          0.4228,  0.4228]])]
[2020-08-03 13:42:32,162 INFO] **************************************
[2020-08-03 13:42:32,162 INFO] 
0.013301209546625614
[2020-08-03 13:42:32,163 INFO] 
[tensor([[-0.4757, -0.4757, -0.4757, -0.4757, -0.4757, -0.4757, -0.4757, -0.4757,
         -0.4757, -0.4757],
        [ 0.4757,  0.4757,  0.4757,  0.4757,  0.4757,  0.4757,  0.4757,  0.4757,
          0.4757,  0.4757]])]
[2020-08-03 13:42:32,163 INFO] **************************************
[2020-08-03 13:42:32,163 INFO] 
0.013301209546625614
[2020-08-03 13:42:32,164 INFO] 
[tensor([[-0.5285, -0.5285, -0.5285, -0.5285, -0.5285, -0.5285, -0.5285, -0.5285,
         -0.5285, -0.5285],
        [ 0.5285,  0.5285,  0.5285,  0.5285,  0.5285,  0.5285,  0.5285,  0.5285,
          0.5285,  0.5285]])]
[2020-08-03 13:42:32,164 INFO] **************************************
[2020-08-03 13:42:32,164 INFO] -------- Final parameters --------------------
[2020-08-03 13:42:32,164 INFO] [Parameter containing:
tensor([[-0.3346, -0.1861,  0.0049,  0.5782, -0.1692,  0.3591, -0.1184, -0.6945,
         -0.6132,  0.4399],
        [-0.3299, -0.6221, -0.2717, -0.2992,  0.5537,  0.1582, -0.1356, -0.0600,
         -0.1371, -0.6686]], requires_grad=True)]
[2020-08-03 13:46:07,301 INFO] ****************** Parameters ***********************
[2020-08-03 13:46:07,301 INFO] [Parameter containing:
tensor([[-0.3346, -0.1861,  0.0049,  0.5782, -0.1692,  0.3591, -0.1184, -0.6945,
         -0.6132,  0.4399],
        [-0.3299, -0.6221, -0.2717, -0.2992,  0.5537,  0.1582, -0.1356, -0.0600,
         -0.1371, -0.6686]], requires_grad=True)]
[2020-08-03 13:46:07,302 INFO] ****************** Parameters ***********************
[2020-08-03 13:46:07,302 INFO] +++++++++++++++++++++++++++++++++++++++++
[2020-08-03 13:46:07,304 INFO] 
tensor([[4., 4., 4., 4., 4., 4., 4., 4., 4., 4.],
        [4., 4., 4., 4., 4., 4., 4., 4., 4., 4.],
        [4., 4., 4., 4., 4., 4., 4., 4., 4., 4.]], grad_fn=<AddBackward0>)
[2020-08-03 13:46:07,304 INFO] +++++++++++++++++++++++++++++++++++++++++
[2020-08-03 13:46:07,304 INFO] 
0.013301209546625614
[2020-08-03 13:46:07,311 INFO] 
[tensor([[-0.0529, -0.0529, -0.0529, -0.0529, -0.0529, -0.0529, -0.0529, -0.0529,
         -0.0529, -0.0529],
        [ 0.0529,  0.0529,  0.0529,  0.0529,  0.0529,  0.0529,  0.0529,  0.0529,
          0.0529,  0.0529]])]
[2020-08-03 13:46:07,311 INFO] **************************************
[2020-08-03 13:46:07,311 INFO] 
0.013301209546625614
[2020-08-03 13:46:07,312 INFO] 
[tensor([[-0.0529, -0.0529, -0.0529, -0.0529, -0.0529, -0.0529, -0.0529, -0.0529,
         -0.0529, -0.0529],
        [ 0.0529,  0.0529,  0.0529,  0.0529,  0.0529,  0.0529,  0.0529,  0.0529,
          0.0529,  0.0529]])]
[2020-08-03 13:46:07,312 INFO] **************************************
[2020-08-03 13:46:07,312 INFO] 
0.013301209546625614
[2020-08-03 13:46:07,313 INFO] 
[tensor([[-0.0529, -0.0529, -0.0529, -0.0529, -0.0529, -0.0529, -0.0529, -0.0529,
         -0.0529, -0.0529],
        [ 0.0529,  0.0529,  0.0529,  0.0529,  0.0529,  0.0529,  0.0529,  0.0529,
          0.0529,  0.0529]])]
[2020-08-03 13:46:07,313 INFO] **************************************
[2020-08-03 13:46:07,313 INFO] 
0.013301209546625614
[2020-08-03 13:46:07,314 INFO] 
[tensor([[-0.0529, -0.0529, -0.0529, -0.0529, -0.0529, -0.0529, -0.0529, -0.0529,
         -0.0529, -0.0529],
        [ 0.0529,  0.0529,  0.0529,  0.0529,  0.0529,  0.0529,  0.0529,  0.0529,
          0.0529,  0.0529]])]
[2020-08-03 13:46:07,314 INFO] **************************************
[2020-08-03 13:46:07,315 INFO] 
0.013301209546625614
[2020-08-03 13:46:07,323 INFO] 
[tensor([[-0.0529, -0.0529, -0.0529, -0.0529, -0.0529, -0.0529, -0.0529, -0.0529,
         -0.0529, -0.0529],
        [ 0.0529,  0.0529,  0.0529,  0.0529,  0.0529,  0.0529,  0.0529,  0.0529,
          0.0529,  0.0529]])]
[2020-08-03 13:46:07,323 INFO] **************************************
[2020-08-03 13:46:07,324 INFO] 
0.013301209546625614
[2020-08-03 13:46:07,324 INFO] 
[tensor([[-0.0529, -0.0529, -0.0529, -0.0529, -0.0529, -0.0529, -0.0529, -0.0529,
         -0.0529, -0.0529],
        [ 0.0529,  0.0529,  0.0529,  0.0529,  0.0529,  0.0529,  0.0529,  0.0529,
          0.0529,  0.0529]])]
[2020-08-03 13:46:07,325 INFO] **************************************
[2020-08-03 13:46:07,325 INFO] 
0.013301209546625614
[2020-08-03 13:46:07,326 INFO] 
[tensor([[-0.0529, -0.0529, -0.0529, -0.0529, -0.0529, -0.0529, -0.0529, -0.0529,
         -0.0529, -0.0529],
        [ 0.0529,  0.0529,  0.0529,  0.0529,  0.0529,  0.0529,  0.0529,  0.0529,
          0.0529,  0.0529]])]
[2020-08-03 13:46:07,326 INFO] **************************************
[2020-08-03 13:46:07,326 INFO] 
0.013301209546625614
[2020-08-03 13:46:07,327 INFO] 
[tensor([[-0.0529, -0.0529, -0.0529, -0.0529, -0.0529, -0.0529, -0.0529, -0.0529,
         -0.0529, -0.0529],
        [ 0.0529,  0.0529,  0.0529,  0.0529,  0.0529,  0.0529,  0.0529,  0.0529,
          0.0529,  0.0529]])]
[2020-08-03 13:46:07,327 INFO] **************************************
[2020-08-03 13:46:07,327 INFO] 
0.013301209546625614
[2020-08-03 13:46:07,328 INFO] 
[tensor([[-0.0529, -0.0529, -0.0529, -0.0529, -0.0529, -0.0529, -0.0529, -0.0529,
         -0.0529, -0.0529],
        [ 0.0529,  0.0529,  0.0529,  0.0529,  0.0529,  0.0529,  0.0529,  0.0529,
          0.0529,  0.0529]])]
[2020-08-03 13:46:07,328 INFO] **************************************
[2020-08-03 13:46:07,328 INFO] 
0.013301209546625614
[2020-08-03 13:46:07,329 INFO] 
[tensor([[-0.0529, -0.0529, -0.0529, -0.0529, -0.0529, -0.0529, -0.0529, -0.0529,
         -0.0529, -0.0529],
        [ 0.0529,  0.0529,  0.0529,  0.0529,  0.0529,  0.0529,  0.0529,  0.0529,
          0.0529,  0.0529]])]
[2020-08-03 13:46:07,329 INFO] **************************************
[2020-08-03 13:46:07,329 INFO] -------- Final parameters --------------------
[2020-08-03 13:46:07,329 INFO] [Parameter containing:
tensor([[-0.3346, -0.1861,  0.0049,  0.5782, -0.1692,  0.3591, -0.1184, -0.6945,
         -0.6132,  0.4399],
        [-0.3299, -0.6221, -0.2717, -0.2992,  0.5537,  0.1582, -0.1356, -0.0600,
         -0.1371, -0.6686]], requires_grad=True)]
