[2020-07-30 14:57:22,884 INFO] +++++++++++++++++++++++++++++++++++++++++
[2020-07-30 14:57:22,885 INFO] 
tensor([[11., 11., 11., 11., 11., 11., 11., 11., 11., 11.],
        [11., 11., 11., 11., 11., 11., 11., 11., 11., 11.],
        [11., 11., 11., 11., 11., 11., 11., 11., 11., 11.]],
       grad_fn=<AddBackward0>)
[2020-07-30 14:57:22,885 INFO] +++++++++++++++++++++++++++++++++++++++++
[2020-07-30 14:57:22,886 INFO] 
0.22187794744968414
[2020-07-30 14:57:23,090 INFO] 
[tensor([[-2.1889, -2.1889, -2.1889, -2.1889, -2.1889, -2.1889, -2.1889, -2.1889,
         -2.1889, -2.1889],
        [ 2.1889,  2.1889,  2.1889,  2.1889,  2.1889,  2.1889,  2.1889,  2.1889,
          2.1889,  2.1889]]), tensor([-0.1990,  0.1990])]
[2020-07-30 14:57:23,090 INFO] **************************************
[2020-07-30 14:57:23,090 INFO] 
0.22187794744968414
[2020-07-30 14:57:23,091 INFO] 
[tensor([[-4.3777, -4.3777, -4.3777, -4.3777, -4.3777, -4.3777, -4.3777, -4.3777,
         -4.3777, -4.3777],
        [ 4.3777,  4.3777,  4.3777,  4.3777,  4.3777,  4.3777,  4.3777,  4.3777,
          4.3777,  4.3777]]), tensor([-0.3980,  0.3980])]
[2020-07-30 14:57:23,092 INFO] **************************************
[2020-07-30 14:57:23,092 INFO] 
0.22187794744968414
[2020-07-30 14:57:23,093 INFO] 
[tensor([[-6.5666, -6.5666, -6.5666, -6.5666, -6.5666, -6.5666, -6.5666, -6.5666,
         -6.5666, -6.5666],
        [ 6.5666,  6.5666,  6.5666,  6.5666,  6.5666,  6.5666,  6.5666,  6.5666,
          6.5666,  6.5666]]), tensor([-0.5970,  0.5970])]
[2020-07-30 14:57:23,093 INFO] **************************************
[2020-07-30 14:57:23,093 INFO] 
0.22187794744968414
[2020-07-30 14:57:23,094 INFO] 
[tensor([[-8.7554, -8.7554, -8.7554, -8.7554, -8.7554, -8.7554, -8.7554, -8.7554,
         -8.7554, -8.7554],
        [ 8.7554,  8.7554,  8.7554,  8.7554,  8.7554,  8.7554,  8.7554,  8.7554,
          8.7554,  8.7554]]), tensor([-0.7959,  0.7959])]
[2020-07-30 14:57:23,095 INFO] **************************************
[2020-07-30 14:57:23,095 INFO] 
0.22187794744968414
[2020-07-30 14:57:23,096 INFO] 
[tensor([[-10.9443, -10.9443, -10.9443, -10.9443, -10.9443, -10.9443, -10.9443,
         -10.9443, -10.9443, -10.9443],
        [ 10.9443,  10.9443,  10.9443,  10.9443,  10.9443,  10.9443,  10.9443,
          10.9443,  10.9443,  10.9443]]), tensor([-0.9949,  0.9949])]
[2020-07-30 14:57:23,096 INFO] **************************************
[2020-07-30 14:57:23,096 INFO] 
0.22187794744968414
[2020-07-30 14:57:23,097 INFO] 
[tensor([[-13.1331, -13.1331, -13.1331, -13.1331, -13.1331, -13.1331, -13.1331,
         -13.1331, -13.1331, -13.1331],
        [ 13.1331,  13.1331,  13.1331,  13.1331,  13.1331,  13.1331,  13.1331,
          13.1331,  13.1331,  13.1331]]), tensor([-1.1939,  1.1939])]
[2020-07-30 14:57:23,097 INFO] **************************************
[2020-07-30 14:57:23,098 INFO] 
0.22187794744968414
[2020-07-30 14:57:23,099 INFO] 
[tensor([[-15.3220, -15.3220, -15.3220, -15.3220, -15.3220, -15.3220, -15.3220,
         -15.3220, -15.3220, -15.3220],
        [ 15.3220,  15.3220,  15.3220,  15.3220,  15.3220,  15.3220,  15.3220,
          15.3220,  15.3220,  15.3220]]), tensor([-1.3929,  1.3929])]
[2020-07-30 14:57:23,099 INFO] **************************************
[2020-07-30 14:57:23,099 INFO] 
0.22187794744968414
[2020-07-30 14:57:23,100 INFO] 
[tensor([[-17.5108, -17.5108, -17.5108, -17.5108, -17.5108, -17.5108, -17.5108,
         -17.5108, -17.5108, -17.5108],
        [ 17.5108,  17.5108,  17.5108,  17.5108,  17.5108,  17.5108,  17.5108,
          17.5108,  17.5108,  17.5108]]), tensor([-1.5919,  1.5919])]
[2020-07-30 14:57:23,100 INFO] **************************************
[2020-07-30 14:57:23,101 INFO] 
0.22187794744968414
[2020-07-30 14:57:23,102 INFO] 
[tensor([[-19.6997, -19.6997, -19.6997, -19.6997, -19.6997, -19.6997, -19.6997,
         -19.6997, -19.6997, -19.6997],
        [ 19.6997,  19.6997,  19.6997,  19.6997,  19.6997,  19.6997,  19.6997,
          19.6997,  19.6997,  19.6997]]), tensor([-1.7909,  1.7909])]
[2020-07-30 14:57:23,102 INFO] **************************************
[2020-07-30 14:57:23,102 INFO] 
0.22187794744968414
[2020-07-30 14:57:23,103 INFO] 
[tensor([[-21.8886, -21.8886, -21.8886, -21.8886, -21.8886, -21.8886, -21.8886,
         -21.8886, -21.8886, -21.8886],
        [ 21.8885,  21.8885,  21.8885,  21.8885,  21.8885,  21.8885,  21.8885,
          21.8885,  21.8885,  21.8885]]), tensor([-1.9899,  1.9899])]
[2020-07-30 14:57:23,103 INFO] **************************************
[2020-07-30 20:18:15,318 INFO] +++++++++++++++++++++++++++++++++++++++++
[2020-07-30 20:18:15,320 INFO] 
tensor([[11., 11., 11., 11., 11., 11., 11., 11., 11., 11.],
        [11., 11., 11., 11., 11., 11., 11., 11., 11., 11.],
        [11., 11., 11., 11., 11., 11., 11., 11., 11., 11.]],
       grad_fn=<AddBackward0>)
[2020-07-30 20:18:15,320 INFO] +++++++++++++++++++++++++++++++++++++++++
[2020-07-30 20:18:15,321 INFO] 
2.9759533405303955
[2020-07-30 20:18:15,380 INFO] 
[tensor([[-10.4390, -10.4390, -10.4390, -10.4390, -10.4390, -10.4390, -10.4390,
         -10.4390, -10.4390, -10.4390],
        [ 10.4390,  10.4390,  10.4390,  10.4390,  10.4390,  10.4390,  10.4390,
          10.4390,  10.4390,  10.4390]]), tensor([-0.9490,  0.9490])]
[2020-07-30 20:18:15,380 INFO] **************************************
[2020-07-30 20:18:15,380 INFO] 
2.9759533405303955
[2020-07-30 20:18:15,381 INFO] 
[tensor([[-20.8780, -20.8780, -20.8780, -20.8780, -20.8780, -20.8780, -20.8780,
         -20.8780, -20.8780, -20.8780],
        [ 20.8780,  20.8780,  20.8780,  20.8780,  20.8780,  20.8780,  20.8780,
          20.8780,  20.8780,  20.8780]]), tensor([-1.8980,  1.8980])]
[2020-07-30 20:18:15,381 INFO] **************************************
[2020-07-30 20:18:15,382 INFO] 
2.9759533405303955
[2020-07-30 20:18:15,383 INFO] 
[tensor([[-31.3170, -31.3170, -31.3170, -31.3170, -31.3170, -31.3170, -31.3170,
         -31.3170, -31.3170, -31.3170],
        [ 31.3170,  31.3170,  31.3170,  31.3170,  31.3170,  31.3170,  31.3170,
          31.3170,  31.3170,  31.3170]]), tensor([-2.8470,  2.8470])]
[2020-07-30 20:18:15,383 INFO] **************************************
[2020-07-30 20:18:15,383 INFO] 
2.9759533405303955
[2020-07-30 20:18:15,384 INFO] 
[tensor([[-41.7561, -41.7561, -41.7561, -41.7561, -41.7561, -41.7561, -41.7561,
         -41.7561, -41.7561, -41.7561],
        [ 41.7561,  41.7561,  41.7561,  41.7561,  41.7561,  41.7561,  41.7561,
          41.7561,  41.7561,  41.7561]]), tensor([-3.7960,  3.7960])]
[2020-07-30 20:18:15,384 INFO] **************************************
[2020-07-30 20:18:15,384 INFO] 
2.9759533405303955
[2020-07-30 20:18:15,385 INFO] 
[tensor([[-52.1951, -52.1951, -52.1951, -52.1951, -52.1951, -52.1951, -52.1951,
         -52.1951, -52.1951, -52.1951],
        [ 52.1951,  52.1951,  52.1951,  52.1951,  52.1951,  52.1951,  52.1951,
          52.1951,  52.1951,  52.1951]]), tensor([-4.7450,  4.7450])]
[2020-07-30 20:18:15,386 INFO] **************************************
[2020-07-30 20:18:15,386 INFO] 
2.9759533405303955
[2020-07-30 20:18:15,387 INFO] 
[tensor([[-62.6341, -62.6341, -62.6341, -62.6341, -62.6341, -62.6341, -62.6341,
         -62.6341, -62.6341, -62.6341],
        [ 62.6341,  62.6341,  62.6341,  62.6341,  62.6341,  62.6341,  62.6341,
          62.6341,  62.6341,  62.6341]]), tensor([-5.6940,  5.6940])]
[2020-07-30 20:18:15,387 INFO] **************************************
[2020-07-30 20:18:15,387 INFO] 
2.9759533405303955
[2020-07-30 20:18:15,388 INFO] 
[tensor([[-73.0731, -73.0731, -73.0731, -73.0731, -73.0731, -73.0731, -73.0731,
         -73.0731, -73.0731, -73.0731],
        [ 73.0731,  73.0731,  73.0731,  73.0731,  73.0731,  73.0731,  73.0731,
          73.0731,  73.0731,  73.0731]]), tensor([-6.6430,  6.6430])]
[2020-07-30 20:18:15,388 INFO] **************************************
[2020-07-30 20:18:15,388 INFO] 
2.9759533405303955
[2020-07-30 20:18:15,389 INFO] 
[tensor([[-83.5121, -83.5121, -83.5121, -83.5121, -83.5121, -83.5121, -83.5121,
         -83.5121, -83.5121, -83.5121],
        [ 83.5121,  83.5121,  83.5121,  83.5121,  83.5121,  83.5121,  83.5121,
          83.5121,  83.5121,  83.5121]]), tensor([-7.5920,  7.5920])]
[2020-07-30 20:18:15,389 INFO] **************************************
[2020-07-30 20:18:15,390 INFO] 
2.9759533405303955
[2020-07-30 20:18:15,391 INFO] 
[tensor([[-93.9511, -93.9511, -93.9511, -93.9511, -93.9511, -93.9511, -93.9511,
         -93.9511, -93.9511, -93.9511],
        [ 93.9511,  93.9511,  93.9511,  93.9511,  93.9511,  93.9511,  93.9511,
          93.9511,  93.9511,  93.9511]]), tensor([-8.5410,  8.5410])]
[2020-07-30 20:18:15,391 INFO] **************************************
[2020-07-30 20:18:15,391 INFO] 
2.9759533405303955
[2020-07-30 20:18:15,392 INFO] 
[tensor([[-104.3901, -104.3901, -104.3901, -104.3901, -104.3901, -104.3901,
         -104.3901, -104.3901, -104.3901, -104.3901],
        [ 104.3901,  104.3901,  104.3901,  104.3901,  104.3901,  104.3901,
          104.3901,  104.3901,  104.3901,  104.3901]]), tensor([-9.4900,  9.4900])]
[2020-07-30 20:18:15,392 INFO] **************************************
